TN:
SF:server.js
FN:14,(anonymous_0)
FN:23,(anonymous_1)
FN:159,(anonymous_2)
FN:223,(anonymous_3)
FN:262,(anonymous_4)
FN:328,isValidDate
FN:336,isValidName
FN:341,isValidEmail
FN:346,isValidPhone
FN:351,isValidSSN
FN:356,isValidZipCode
FN:361,isValidCourseCode
FN:366,isValidTime
FN:372,(anonymous_13)
FN:674,(anonymous_14)
FN:704,(anonymous_15)
FN:791,(anonymous_16)
FN:796,(anonymous_17)
FN:826,(anonymous_18)
FN:874,(anonymous_19)
FN:937,(anonymous_20)
FN:940,(anonymous_21)
FN:955,buildXMLFromFormData
FN:999,(anonymous_23)
FN:1054,(anonymous_24)
FN:1074,(anonymous_25)
FN:1131,escapeXML
FN:1133,(anonymous_27)
FN:1145,(anonymous_28)
FN:1147,(anonymous_29)
FNF:30
FNH:0
FNDA:0,(anonymous_0)
FNDA:0,(anonymous_1)
FNDA:0,(anonymous_2)
FNDA:0,(anonymous_3)
FNDA:0,(anonymous_4)
FNDA:0,isValidDate
FNDA:0,isValidName
FNDA:0,isValidEmail
FNDA:0,isValidPhone
FNDA:0,isValidSSN
FNDA:0,isValidZipCode
FNDA:0,isValidCourseCode
FNDA:0,isValidTime
FNDA:0,(anonymous_13)
FNDA:0,(anonymous_14)
FNDA:0,(anonymous_15)
FNDA:0,(anonymous_16)
FNDA:0,(anonymous_17)
FNDA:0,(anonymous_18)
FNDA:0,(anonymous_19)
FNDA:0,(anonymous_20)
FNDA:0,(anonymous_21)
FNDA:0,buildXMLFromFormData
FNDA:0,(anonymous_23)
FNDA:0,(anonymous_24)
FNDA:0,(anonymous_25)
FNDA:0,escapeXML
FNDA:0,(anonymous_27)
FNDA:0,(anonymous_28)
FNDA:0,(anonymous_29)
DA:1,0
DA:2,0
DA:3,0
DA:5,0
DA:6,0
DA:9,0
DA:10,0
DA:11,0
DA:14,0
DA:15,0
DA:16,0
DA:17,0
DA:18,0
DA:19,0
DA:23,0
DA:24,0
DA:25,0
DA:26,0
DA:29,0
DA:38,0
DA:39,0
DA:41,0
DA:47,0
DA:48,0
DA:49,0
DA:56,0
DA:57,0
DA:59,0
DA:60,0
DA:61,0
DA:62,0
DA:64,0
DA:65,0
DA:69,0
DA:70,0
DA:72,0
DA:75,0
DA:76,0
DA:77,0
DA:78,0
DA:81,0
DA:82,0
DA:83,0
DA:84,0
DA:87,0
DA:88,0
DA:92,0
DA:93,0
DA:94,0
DA:95,0
DA:99,0
DA:100,0
DA:101,0
DA:102,0
DA:106,0
DA:107,0
DA:111,0
DA:112,0
DA:113,0
DA:114,0
DA:119,0
DA:120,0
DA:122,0
DA:125,0
DA:126,0
DA:127,0
DA:128,0
DA:132,0
DA:133,0
DA:135,0
DA:136,0
DA:137,0
DA:142,0
DA:143,0
DA:144,0
DA:145,0
DA:150,0
DA:151,0
DA:152,0
DA:153,0
DA:157,0
DA:158,0
DA:159,0
DA:160,0
DA:161,0
DA:163,0
DA:164,0
DA:165,0
DA:166,0
DA:174,0
DA:175,0
DA:177,0
DA:180,0
DA:181,0
DA:182,0
DA:183,0
DA:186,0
DA:187,0
DA:191,0
DA:192,0
DA:193,0
DA:194,0
DA:197,0
DA:198,0
DA:202,0
DA:203,0
DA:205,0
DA:206,0
DA:212,0
DA:213,0
DA:215,0
DA:219,0
DA:220,0
DA:223,0
DA:224,0
DA:225,0
DA:226,0
DA:227,0
DA:230,0
DA:231,0
DA:232,0
DA:233,0
DA:236,0
DA:237,0
DA:240,0
DA:241,0
DA:247,0
DA:248,0
DA:250,0
DA:251,0
DA:254,0
DA:258,0
DA:259,0
DA:262,0
DA:263,0
DA:264,0
DA:265,0
DA:266,0
DA:269,0
DA:270,0
DA:271,0
DA:272,0
DA:275,0
DA:276,0
DA:277,0
DA:278,0
DA:282,0
DA:283,0
DA:284,0
DA:287,0
DA:288,0
DA:291,0
DA:292,0
DA:299,0
DA:300,0
DA:302,0
DA:303,0
DA:304,0
DA:308,0
DA:309,0
DA:310,0
DA:315,0
DA:320,0
DA:329,0
DA:330,0
DA:332,0
DA:333,0
DA:337,0
DA:338,0
DA:342,0
DA:343,0
DA:347,0
DA:348,0
DA:352,0
DA:353,0
DA:357,0
DA:358,0
DA:362,0
DA:363,0
DA:367,0
DA:368,0
DA:372,0
DA:373,0
DA:374,0
DA:376,0
DA:384,0
DA:385,0
DA:387,0
DA:388,0
DA:392,0
DA:674,0
DA:704,0
DA:774,0
DA:780,0
DA:781,0
DA:791,0
DA:792,0
DA:796,0
DA:797,0
DA:798,0
DA:801,0
DA:804,0
DA:805,0
DA:806,0
DA:809,0
DA:811,0
DA:818,0
DA:826,0
DA:827,0
DA:828,0
DA:830,0
DA:831,0
DA:837,0
DA:838,0
DA:841,0
DA:842,0
DA:848,0
DA:849,0
DA:856,0
DA:859,0
DA:861,0
DA:866,0
DA:874,0
DA:875,0
DA:876,0
DA:878,0
DA:879,0
DA:885,0
DA:886,0
DA:889,0
DA:890,0
DA:896,0
DA:897,0
DA:904,0
DA:907,0
DA:909,0
DA:911,0
DA:912,0
DA:913,0
DA:915,0
DA:923,0
DA:929,0
DA:937,0
DA:938,0
DA:939,0
DA:940,0
DA:942,0
DA:947,0
DA:956,0
DA:957,0
DA:959,0
DA:969,0
DA:970,0
DA:973,0
DA:978,0
DA:979,0
DA:982,0
DA:990,0
DA:991,0
DA:994,0
DA:998,0
DA:999,0
DA:1000,0
DA:1005,0
DA:1006,0
DA:1008,0
DA:1012,0
DA:1013,0
DA:1016,0
DA:1019,0
DA:1020,0
DA:1023,0
DA:1036,0
DA:1037,0
DA:1040,0
DA:1043,0
DA:1044,0
DA:1047,0
DA:1053,0
DA:1054,0
DA:1055,0
DA:1060,0
DA:1061,0
DA:1063,0
DA:1067,0
DA:1073,0
DA:1074,0
DA:1075,0
DA:1080,0
DA:1081,0
DA:1083,0
DA:1088,0
DA:1089,0
DA:1091,0
DA:1097,0
DA:1101,0
DA:1102,0
DA:1105,0
DA:1106,0
DA:1108,0
DA:1109,0
DA:1111,0
DA:1112,0
DA:1114,0
DA:1115,0
DA:1117,0
DA:1123,0
DA:1127,0
DA:1132,0
DA:1133,0
DA:1134,0
DA:1135,0
DA:1136,0
DA:1137,0
DA:1138,0
DA:1139,0
DA:1145,0
DA:1146,0
DA:1147,0
DA:1148,0
DA:1152,0
LF:321
LH:0
BRDA:6,0,0,0
BRDA:6,0,1,0
BRDA:48,1,0,0
BRDA:48,1,1,0
BRDA:56,2,0,0
BRDA:56,2,1,0
BRDA:59,3,0,0
BRDA:59,3,1,0
BRDA:61,4,0,0
BRDA:61,4,1,0
BRDA:64,5,0,0
BRDA:64,5,1,0
BRDA:64,6,0,0
BRDA:64,6,1,0
BRDA:69,7,0,0
BRDA:69,7,1,0
BRDA:75,8,0,0
BRDA:75,8,1,0
BRDA:75,9,0,0
BRDA:75,9,1,0
BRDA:77,10,0,0
BRDA:77,10,1,0
BRDA:81,11,0,0
BRDA:81,11,1,0
BRDA:81,12,0,0
BRDA:81,12,1,0
BRDA:83,13,0,0
BRDA:83,13,1,0
BRDA:87,14,0,0
BRDA:87,14,1,0
BRDA:87,15,0,0
BRDA:87,15,1,0
BRDA:92,16,0,0
BRDA:92,16,1,0
BRDA:94,17,0,0
BRDA:94,17,1,0
BRDA:99,18,0,0
BRDA:99,18,1,0
BRDA:101,19,0,0
BRDA:101,19,1,0
BRDA:106,20,0,0
BRDA:106,20,1,0
BRDA:106,21,0,0
BRDA:106,21,1,0
BRDA:111,22,0,0
BRDA:111,22,1,0
BRDA:113,23,0,0
BRDA:113,23,1,0
BRDA:119,24,0,0
BRDA:119,24,1,0
BRDA:125,25,0,0
BRDA:125,25,1,0
BRDA:127,26,0,0
BRDA:127,26,1,0
BRDA:132,27,0,0
BRDA:132,27,1,0
BRDA:136,28,0,0
BRDA:136,28,1,0
BRDA:136,29,0,0
BRDA:136,29,1,0
BRDA:136,29,2,0
BRDA:142,30,0,0
BRDA:142,30,1,0
BRDA:142,31,0,0
BRDA:142,31,1,0
BRDA:144,32,0,0
BRDA:144,32,1,0
BRDA:144,33,0,0
BRDA:144,33,1,0
BRDA:144,33,2,0
BRDA:150,34,0,0
BRDA:150,34,1,0
BRDA:150,35,0,0
BRDA:150,35,1,0
BRDA:152,36,0,0
BRDA:152,36,1,0
BRDA:152,37,0,0
BRDA:152,37,1,0
BRDA:157,38,0,0
BRDA:157,38,1,0
BRDA:158,39,0,0
BRDA:158,39,1,0
BRDA:160,40,0,0
BRDA:160,40,1,0
BRDA:160,41,0,0
BRDA:160,41,1,0
BRDA:163,42,0,0
BRDA:163,42,1,0
BRDA:163,43,0,0
BRDA:163,43,1,0
BRDA:165,44,0,0
BRDA:165,44,1,0
BRDA:165,45,0,0
BRDA:165,45,1,0
BRDA:165,45,2,0
BRDA:174,46,0,0
BRDA:174,46,1,0
BRDA:180,47,0,0
BRDA:180,47,1,0
BRDA:182,48,0,0
BRDA:182,48,1,0
BRDA:186,49,0,0
BRDA:186,49,1,0
BRDA:186,50,0,0
BRDA:186,50,1,0
BRDA:191,51,0,0
BRDA:191,51,1,0
BRDA:193,52,0,0
BRDA:193,52,1,0
BRDA:197,53,0,0
BRDA:197,53,1,0
BRDA:197,54,0,0
BRDA:197,54,1,0
BRDA:202,55,0,0
BRDA:202,55,1,0
BRDA:205,56,0,0
BRDA:205,56,1,0
BRDA:205,57,0,0
BRDA:205,57,1,0
BRDA:212,58,0,0
BRDA:212,58,1,0
BRDA:215,59,0,0
BRDA:215,59,1,0
BRDA:219,60,0,0
BRDA:219,60,1,0
BRDA:224,61,0,0
BRDA:224,61,1,0
BRDA:226,62,0,0
BRDA:226,62,1,0
BRDA:230,63,0,0
BRDA:230,63,1,0
BRDA:232,64,0,0
BRDA:232,64,1,0
BRDA:236,65,0,0
BRDA:236,65,1,0
BRDA:236,66,0,0
BRDA:236,66,1,0
BRDA:240,67,0,0
BRDA:240,67,1,0
BRDA:240,68,0,0
BRDA:240,68,1,0
BRDA:247,69,0,0
BRDA:247,69,1,0
BRDA:250,70,0,0
BRDA:250,70,1,0
BRDA:254,71,0,0
BRDA:254,71,1,0
BRDA:258,72,0,0
BRDA:258,72,1,0
BRDA:263,73,0,0
BRDA:263,73,1,0
BRDA:265,74,0,0
BRDA:265,74,1,0
BRDA:269,75,0,0
BRDA:269,75,1,0
BRDA:271,76,0,0
BRDA:271,76,1,0
BRDA:275,77,0,0
BRDA:275,77,1,0
BRDA:275,78,0,0
BRDA:275,78,1,0
BRDA:277,79,0,0
BRDA:277,79,1,0
BRDA:277,80,0,0
BRDA:277,80,1,0
BRDA:277,80,2,0
BRDA:282,81,0,0
BRDA:282,81,1,0
BRDA:283,82,0,0
BRDA:283,82,1,0
BRDA:283,83,0,0
BRDA:283,83,1,0
BRDA:287,84,0,0
BRDA:287,84,1,0
BRDA:287,85,0,0
BRDA:287,85,1,0
BRDA:291,86,0,0
BRDA:291,86,1,0
BRDA:291,87,0,0
BRDA:291,87,1,0
BRDA:299,88,0,0
BRDA:299,88,1,0
BRDA:302,89,0,0
BRDA:302,89,1,0
BRDA:302,90,0,0
BRDA:302,90,1,0
BRDA:303,91,0,0
BRDA:303,91,1,0
BRDA:303,92,0,0
BRDA:303,92,1,0
BRDA:308,93,0,0
BRDA:308,93,1,0
BRDA:308,94,0,0
BRDA:308,94,1,0
BRDA:309,95,0,0
BRDA:309,95,1,0
BRDA:309,96,0,0
BRDA:309,96,1,0
BRDA:330,97,0,0
BRDA:330,97,1,0
BRDA:333,98,0,0
BRDA:333,98,1,0
BRDA:333,98,2,0
BRDA:387,99,0,0
BRDA:387,99,1,0
BRDA:504,100,0,0
BRDA:504,100,1,0
BRDA:505,101,0,0
BRDA:505,101,1,0
BRDA:507,102,0,0
BRDA:507,102,1,0
BRDA:508,103,0,0
BRDA:508,103,1,0
BRDA:519,104,0,0
BRDA:519,104,1,0
BRDA:523,105,0,0
BRDA:523,105,1,0
BRDA:525,106,0,0
BRDA:525,106,1,0
BRDA:534,107,0,0
BRDA:534,107,1,0
BRDA:538,108,0,0
BRDA:538,108,1,0
BRDA:542,109,0,0
BRDA:542,109,1,0
BRDA:546,110,0,0
BRDA:546,110,1,0
BRDA:553,111,0,0
BRDA:553,111,1,0
BRDA:565,112,0,0
BRDA:565,112,1,0
BRDA:566,113,0,0
BRDA:566,113,1,0
BRDA:567,114,0,0
BRDA:567,114,1,0
BRDA:568,115,0,0
BRDA:568,115,1,0
BRDA:569,116,0,0
BRDA:569,116,1,0
BRDA:576,117,0,0
BRDA:576,117,1,0
BRDA:578,118,0,0
BRDA:578,118,1,0
BRDA:587,119,0,0
BRDA:587,119,1,0
BRDA:589,120,0,0
BRDA:589,120,1,0
BRDA:603,121,0,0
BRDA:603,121,1,0
BRDA:607,122,0,0
BRDA:607,122,1,0
BRDA:609,123,0,0
BRDA:609,123,1,0
BRDA:618,124,0,0
BRDA:618,124,1,0
BRDA:620,125,0,0
BRDA:620,125,1,0
BRDA:628,126,0,0
BRDA:628,126,1,0
BRDA:629,127,0,0
BRDA:629,127,1,0
BRDA:635,128,0,0
BRDA:635,128,1,0
BRDA:649,129,0,0
BRDA:649,129,1,0
BRDA:650,130,0,0
BRDA:650,130,1,0
BRDA:651,131,0,0
BRDA:651,131,1,0
BRDA:652,132,0,0
BRDA:652,132,1,0
BRDA:653,133,0,0
BRDA:653,133,1,0
BRDA:673,134,0,0
BRDA:673,134,1,0
BRDA:676,135,0,0
BRDA:676,135,1,0
BRDA:677,136,0,0
BRDA:677,136,1,0
BRDA:678,137,0,0
BRDA:678,137,1,0
BRDA:679,138,0,0
BRDA:679,138,1,0
BRDA:680,139,0,0
BRDA:680,139,1,0
BRDA:689,140,0,0
BRDA:689,140,1,0
BRDA:703,141,0,0
BRDA:703,141,1,0
BRDA:706,142,0,0
BRDA:706,142,1,0
BRDA:707,143,0,0
BRDA:707,143,1,0
BRDA:708,144,0,0
BRDA:708,144,1,0
BRDA:709,145,0,0
BRDA:709,145,1,0
BRDA:710,146,0,0
BRDA:710,146,1,0
BRDA:712,147,0,0
BRDA:712,147,1,0
BRDA:713,148,0,0
BRDA:713,148,1,0
BRDA:714,149,0,0
BRDA:714,149,1,0
BRDA:716,150,0,0
BRDA:716,150,1,0
BRDA:723,151,0,0
BRDA:723,151,1,0
BRDA:728,152,0,0
BRDA:728,152,1,0
BRDA:733,153,0,0
BRDA:733,153,1,0
BRDA:740,154,0,0
BRDA:740,154,1,0
BRDA:745,155,0,0
BRDA:745,155,1,0
BRDA:755,156,0,0
BRDA:755,156,1,0
BRDA:756,157,0,0
BRDA:756,157,1,0
BRDA:763,158,0,0
BRDA:763,158,1,0
BRDA:764,159,0,0
BRDA:764,159,1,0
BRDA:830,160,0,0
BRDA:830,160,1,0
BRDA:841,161,0,0
BRDA:841,161,1,0
BRDA:848,162,0,0
BRDA:848,162,1,0
BRDA:878,163,0,0
BRDA:878,163,1,0
BRDA:889,164,0,0
BRDA:889,164,1,0
BRDA:896,165,0,0
BRDA:896,165,1,0
BRDA:909,166,0,0
BRDA:909,166,1,0
BRDA:966,167,0,0
BRDA:966,167,1,0
BRDA:967,168,0,0
BRDA:967,168,1,0
BRDA:969,169,0,0
BRDA:969,169,1,0
BRDA:974,170,0,0
BRDA:974,170,1,0
BRDA:975,171,0,0
BRDA:975,171,1,0
BRDA:976,172,0,0
BRDA:976,172,1,0
BRDA:978,173,0,0
BRDA:978,173,1,0
BRDA:983,174,0,0
BRDA:983,174,1,0
BRDA:987,175,0,0
BRDA:987,175,1,0
BRDA:988,176,0,0
BRDA:988,176,1,0
BRDA:990,177,0,0
BRDA:990,177,1,0
BRDA:995,178,0,0
BRDA:995,178,1,0
BRDA:998,179,0,0
BRDA:998,179,1,0
BRDA:998,180,0,0
BRDA:998,180,1,0
BRDA:1001,181,0,0
BRDA:1001,181,1,0
BRDA:1002,182,0,0
BRDA:1002,182,1,0
BRDA:1003,183,0,0
BRDA:1003,183,1,0
BRDA:1004,184,0,0
BRDA:1004,184,1,0
BRDA:1005,185,0,0
BRDA:1005,185,1,0
BRDA:1012,186,0,0
BRDA:1012,186,1,0
BRDA:1017,187,0,0
BRDA:1017,187,1,0
BRDA:1019,188,0,0
BRDA:1019,188,1,0
BRDA:1028,189,0,0
BRDA:1028,189,1,0
BRDA:1029,190,0,0
BRDA:1029,190,1,0
BRDA:1030,191,0,0
BRDA:1030,191,1,0
BRDA:1031,192,0,0
BRDA:1031,192,1,0
BRDA:1032,193,0,0
BRDA:1032,193,1,0
BRDA:1034,194,0,0
BRDA:1034,194,1,0
BRDA:1036,195,0,0
BRDA:1036,195,1,0
BRDA:1041,196,0,0
BRDA:1041,196,1,0
BRDA:1043,197,0,0
BRDA:1043,197,1,0
BRDA:1053,198,0,0
BRDA:1053,198,1,0
BRDA:1053,199,0,0
BRDA:1053,199,1,0
BRDA:1056,200,0,0
BRDA:1056,200,1,0
BRDA:1057,201,0,0
BRDA:1057,201,1,0
BRDA:1058,202,0,0
BRDA:1058,202,1,0
BRDA:1059,203,0,0
BRDA:1059,203,1,0
BRDA:1060,204,0,0
BRDA:1060,204,1,0
BRDA:1070,205,0,0
BRDA:1070,205,1,0
BRDA:1073,206,0,0
BRDA:1073,206,1,0
BRDA:1073,207,0,0
BRDA:1073,207,1,0
BRDA:1076,208,0,0
BRDA:1076,208,1,0
BRDA:1077,209,0,0
BRDA:1077,209,1,0
BRDA:1078,210,0,0
BRDA:1078,210,1,0
BRDA:1079,211,0,0
BRDA:1079,211,1,0
BRDA:1080,212,0,0
BRDA:1080,212,1,0
BRDA:1085,213,0,0
BRDA:1085,213,1,0
BRDA:1086,214,0,0
BRDA:1086,214,1,0
BRDA:1087,215,0,0
BRDA:1087,215,1,0
BRDA:1088,216,0,0
BRDA:1088,216,1,0
BRDA:1101,217,0,0
BRDA:1101,217,1,0
BRDA:1105,218,0,0
BRDA:1105,218,1,0
BRDA:1108,219,0,0
BRDA:1108,219,1,0
BRDA:1111,220,0,0
BRDA:1111,220,1,0
BRDA:1114,221,0,0
BRDA:1114,221,1,0
BRDA:1118,222,0,0
BRDA:1118,222,1,0
BRDA:1119,223,0,0
BRDA:1119,223,1,0
BRDA:1132,224,0,0
BRDA:1132,224,1,0
BRDA:1134,225,0,0
BRDA:1134,225,1,0
BRDA:1134,225,2,0
BRDA:1134,225,3,0
BRDA:1134,225,4,0
BRF:460
BRH:0
end_of_record
TN:
SF:public/script.js
FN:18,(anonymous_0)
FN:25,initializeForm
FN:44,setupEventListeners
FN:63,(anonymous_3)
FN:74,handleFormSubmit
FN:115,handleValidateXml
FN:139,(anonymous_6)
FN:154,handleTransformXml
FN:193,loadXmlFiles
FN:200,(anonymous_9)
FN:213,handleFileSelection
FN:226,collectFormData
FN:256,(anonymous_12)
FN:276,addEmergencyContact
FN:326,(anonymous_14)
FN:333,addCourse
FN:407,(anonymous_16)
FN:414,(anonymous_17)
FN:422,(anonymous_18)
FN:431,toggleTransferCredits
FN:442,updateTotalCredits
FN:446,(anonymous_21)
FN:465,setupRealTimeValidation
FN:468,(anonymous_23)
FN:480,(anonymous_24)
FN:481,(anonymous_25)
FN:495,validateForm
FN:499,(anonymous_27)
FN:512,loadSampleData
FN:550,(anonymous_29)
FN:570,(anonymous_30)
FN:587,showResult
FN:604,escapeHtml
FNF:33
FNH:0
FNDA:0,(anonymous_0)
FNDA:0,initializeForm
FNDA:0,setupEventListeners
FNDA:0,(anonymous_3)
FNDA:0,handleFormSubmit
FNDA:0,handleValidateXml
FNDA:0,(anonymous_6)
FNDA:0,handleTransformXml
FNDA:0,loadXmlFiles
FNDA:0,(anonymous_9)
FNDA:0,handleFileSelection
FNDA:0,collectFormData
FNDA:0,(anonymous_12)
FNDA:0,addEmergencyContact
FNDA:0,(anonymous_14)
FNDA:0,addCourse
FNDA:0,(anonymous_16)
FNDA:0,(anonymous_17)
FNDA:0,(anonymous_18)
FNDA:0,toggleTransferCredits
FNDA:0,updateTotalCredits
FNDA:0,(anonymous_21)
FNDA:0,setupRealTimeValidation
FNDA:0,(anonymous_23)
FNDA:0,(anonymous_24)
FNDA:0,(anonymous_25)
FNDA:0,validateForm
FNDA:0,(anonymous_27)
FNDA:0,loadSampleData
FNDA:0,(anonymous_29)
FNDA:0,(anonymous_30)
FNDA:0,showResult
FNDA:0,escapeHtml
DA:2,0
DA:3,0
DA:4,0
DA:7,0
DA:8,0
DA:9,0
DA:10,0
DA:11,0
DA:12,0
DA:13,0
DA:14,0
DA:15,0
DA:18,0
DA:19,0
DA:20,0
DA:21,0
DA:27,0
DA:28,0
DA:31,0
DA:32,0
DA:33,0
DA:35,0
DA:36,0
DA:37,0
DA:40,0
DA:46,0
DA:49,0
DA:50,0
DA:51,0
DA:52,0
DA:55,0
DA:58,0
DA:59,0
DA:60,0
DA:63,0
DA:64,0
DA:65,0
DA:70,0
DA:75,0
DA:77,0
DA:78,0
DA:79,0
DA:82,0
DA:84,0
DA:85,0
DA:93,0
DA:95,0
DA:96,0
DA:97,0
DA:100,0
DA:101,0
DA:104,0
DA:105,0
DA:107,0
DA:110,0
DA:116,0
DA:117,0
DA:118,0
DA:121,0
DA:123,0
DA:124,0
DA:132,0
DA:134,0
DA:135,0
DA:136,0
DA:138,0
DA:139,0
DA:140,0
DA:142,0
DA:143,0
DA:146,0
DA:149,0
DA:155,0
DA:156,0
DA:157,0
DA:160,0
DA:162,0
DA:163,0
DA:171,0
DA:173,0
DA:174,0
DA:177,0
DA:183,0
DA:185,0
DA:188,0
DA:194,0
DA:195,0
DA:196,0
DA:198,0
DA:199,0
DA:200,0
DA:201,0
DA:202,0
DA:203,0
DA:204,0
DA:208,0
DA:214,0
DA:215,0
DA:216,0
DA:218,0
DA:219,0
DA:220,0
DA:227,0
DA:228,0
DA:231,0
DA:232,0
DA:234,0
DA:235,0
DA:236,0
DA:237,0
DA:238,0
DA:239,0
DA:242,0
DA:243,0
DA:244,0
DA:245,0
DA:246,0
DA:250,0
DA:255,0
DA:256,0
DA:257,0
DA:262,0
DA:263,0
DA:272,0
DA:277,0
DA:278,0
DA:279,0
DA:282,0
DA:283,0
DA:284,0
DA:286,0
DA:321,0
DA:322,0
DA:325,0
DA:326,0
DA:327,0
DA:328,0
DA:334,0
DA:335,0
DA:336,0
DA:339,0
DA:341,0
DA:402,0
DA:403,0
DA:406,0
DA:407,0
DA:408,0
DA:409,0
DA:410,0
DA:413,0
DA:414,0
DA:415,0
DA:416,0
DA:421,0
DA:422,0
DA:423,0
DA:424,0
DA:427,0
DA:432,0
DA:433,0
DA:434,0
DA:436,0
DA:437,0
DA:443,0
DA:444,0
DA:446,0
DA:447,0
DA:450,0
DA:451,0
DA:452,0
DA:455,0
DA:456,0
DA:457,0
DA:459,0
DA:460,0
DA:467,0
DA:468,0
DA:469,0
DA:470,0
DA:471,0
DA:472,0
DA:473,0
DA:475,0
DA:479,0
DA:480,0
DA:481,0
DA:482,0
DA:483,0
DA:484,0
DA:486,0
DA:487,0
DA:489,0
DA:496,0
DA:497,0
DA:499,0
DA:500,0
DA:501,0
DA:502,0
DA:504,0
DA:508,0
DA:514,0
DA:515,0
DA:516,0
DA:517,0
DA:518,0
DA:519,0
DA:520,0
DA:521,0
DA:524,0
DA:525,0
DA:526,0
DA:527,0
DA:528,0
DA:529,0
DA:532,0
DA:533,0
DA:534,0
DA:535,0
DA:536,0
DA:537,0
DA:538,0
DA:539,0
DA:542,0
DA:543,0
DA:550,0
DA:551,0
DA:552,0
DA:557,0
DA:558,0
DA:570,0
DA:571,0
DA:572,0
DA:577,0
DA:578,0
DA:579,0
DA:580,0
DA:582,0
DA:583,0
DA:588,0
DA:590,0
DA:591,0
DA:593,0
DA:594,0
DA:596,0
DA:600,0
DA:606,0
LF:246
LH:0
BRDA:64,0,0,0
BRDA:64,0,1,0
BRDA:77,1,0,0
BRDA:77,1,1,0
BRDA:95,2,0,0
BRDA:95,2,1,0
BRDA:116,3,0,0
BRDA:116,3,1,0
BRDA:116,4,0,0
BRDA:116,4,1,0
BRDA:121,5,0,0
BRDA:121,5,1,0
BRDA:134,6,0,0
BRDA:134,6,1,0
BRDA:135,7,0,0
BRDA:135,7,1,0
BRDA:155,8,0,0
BRDA:155,8,1,0
BRDA:155,9,0,0
BRDA:155,9,1,0
BRDA:160,10,0,0
BRDA:160,10,1,0
BRDA:173,11,0,0
BRDA:173,11,1,0
BRDA:198,12,0,0
BRDA:198,12,1,0
BRDA:214,13,0,0
BRDA:214,13,1,0
BRDA:218,14,0,0
BRDA:218,14,1,0
BRDA:232,15,0,0
BRDA:232,15,1,0
BRDA:232,16,0,0
BRDA:232,16,1,0
BRDA:235,17,0,0
BRDA:235,17,1,0
BRDA:237,18,0,0
BRDA:237,18,1,0
BRDA:238,19,0,0
BRDA:238,19,1,0
BRDA:243,20,0,0
BRDA:243,20,1,0
BRDA:245,21,0,0
BRDA:245,21,1,0
BRDA:255,22,0,0
BRDA:255,22,1,0
BRDA:257,23,0,0
BRDA:257,23,1,0
BRDA:262,24,0,0
BRDA:262,24,1,0
BRDA:277,25,0,0
BRDA:277,25,1,0
BRDA:334,26,0,0
BRDA:334,26,1,0
BRDA:416,27,0,0
BRDA:416,27,1,0
BRDA:424,28,0,0
BRDA:424,28,1,0
BRDA:434,29,0,0
BRDA:434,29,1,0
BRDA:436,30,0,0
BRDA:436,30,1,0
BRDA:447,31,0,0
BRDA:447,31,1,0
BRDA:455,32,0,0
BRDA:455,32,1,0
BRDA:470,33,0,0
BRDA:470,33,1,0
BRDA:472,34,0,0
BRDA:472,34,1,0
BRDA:483,35,0,0
BRDA:483,35,1,0
BRDA:483,36,0,0
BRDA:483,36,1,0
BRDA:486,37,0,0
BRDA:486,37,1,0
BRDA:486,38,0,0
BRDA:486,38,1,0
BRDA:500,39,0,0
BRDA:500,39,1,0
BRDA:551,40,0,0
BRDA:551,40,1,0
BRDA:571,41,0,0
BRDA:571,41,1,0
BRDA:587,42,0,0
BRDA:593,43,0,0
BRDA:593,43,1,0
BRF:87
BRH:0
end_of_record
