TN:
SF:server.js
FN:14,(anonymous_0)
FN:23,(anonymous_1)
FN:62,(anonymous_2)
FN:364,(anonymous_3)
FN:394,(anonymous_4)
FN:481,(anonymous_5)
FN:486,(anonymous_6)
FN:516,(anonymous_7)
FN:564,(anonymous_8)
FN:627,(anonymous_9)
FN:630,(anonymous_10)
FN:645,buildXMLFromFormData
FN:689,(anonymous_12)
FN:744,(anonymous_13)
FN:764,(anonymous_14)
FN:821,escapeXML
FN:823,(anonymous_16)
FN:835,(anonymous_17)
FN:837,(anonymous_18)
FNF:19
FNH:0
FNDA:0,(anonymous_0)
FNDA:0,(anonymous_1)
FNDA:0,(anonymous_2)
FNDA:0,(anonymous_3)
FNDA:0,(anonymous_4)
FNDA:0,(anonymous_5)
FNDA:0,(anonymous_6)
FNDA:0,(anonymous_7)
FNDA:0,(anonymous_8)
FNDA:0,(anonymous_9)
FNDA:0,(anonymous_10)
FNDA:0,buildXMLFromFormData
FNDA:0,(anonymous_12)
FNDA:0,(anonymous_13)
FNDA:0,(anonymous_14)
FNDA:0,escapeXML
FNDA:0,(anonymous_16)
FNDA:0,(anonymous_17)
FNDA:0,(anonymous_18)
DA:1,0
DA:2,0
DA:3,0
DA:5,0
DA:6,0
DA:9,0
DA:10,0
DA:11,0
DA:14,0
DA:15,0
DA:16,0
DA:17,0
DA:18,0
DA:19,0
DA:23,0
DA:24,0
DA:26,0
DA:29,0
DA:30,0
DA:34,0
DA:35,0
DA:37,0
DA:38,0
DA:42,0
DA:43,0
DA:44,0
DA:45,0
DA:49,0
DA:54,0
DA:62,0
DA:63,0
DA:64,0
DA:66,0
DA:74,0
DA:75,0
DA:77,0
DA:78,0
DA:82,0
DA:364,0
DA:394,0
DA:464,0
DA:470,0
DA:471,0
DA:481,0
DA:482,0
DA:486,0
DA:487,0
DA:488,0
DA:491,0
DA:494,0
DA:495,0
DA:496,0
DA:499,0
DA:501,0
DA:508,0
DA:516,0
DA:517,0
DA:518,0
DA:520,0
DA:521,0
DA:527,0
DA:528,0
DA:531,0
DA:532,0
DA:538,0
DA:539,0
DA:546,0
DA:549,0
DA:551,0
DA:556,0
DA:564,0
DA:565,0
DA:566,0
DA:568,0
DA:569,0
DA:575,0
DA:576,0
DA:579,0
DA:580,0
DA:586,0
DA:587,0
DA:594,0
DA:597,0
DA:599,0
DA:601,0
DA:602,0
DA:603,0
DA:605,0
DA:613,0
DA:619,0
DA:627,0
DA:628,0
DA:629,0
DA:630,0
DA:632,0
DA:637,0
DA:646,0
DA:647,0
DA:649,0
DA:659,0
DA:660,0
DA:663,0
DA:668,0
DA:669,0
DA:672,0
DA:680,0
DA:681,0
DA:684,0
DA:688,0
DA:689,0
DA:690,0
DA:695,0
DA:696,0
DA:698,0
DA:702,0
DA:703,0
DA:706,0
DA:709,0
DA:710,0
DA:713,0
DA:726,0
DA:727,0
DA:730,0
DA:733,0
DA:734,0
DA:737,0
DA:743,0
DA:744,0
DA:745,0
DA:750,0
DA:751,0
DA:753,0
DA:757,0
DA:763,0
DA:764,0
DA:765,0
DA:770,0
DA:771,0
DA:773,0
DA:778,0
DA:779,0
DA:781,0
DA:787,0
DA:791,0
DA:792,0
DA:795,0
DA:796,0
DA:798,0
DA:799,0
DA:801,0
DA:802,0
DA:804,0
DA:805,0
DA:807,0
DA:813,0
DA:817,0
DA:822,0
DA:823,0
DA:824,0
DA:825,0
DA:826,0
DA:827,0
DA:828,0
DA:829,0
DA:835,0
DA:836,0
DA:837,0
DA:838,0
DA:842,0
LF:169
LH:0
BRDA:6,0,0,0
BRDA:6,0,1,0
BRDA:29,1,0,0
BRDA:29,1,1,0
BRDA:34,2,0,0
BRDA:34,2,1,0
BRDA:37,3,0,0
BRDA:37,3,1,0
BRDA:44,4,0,0
BRDA:44,4,1,0
BRDA:77,5,0,0
BRDA:77,5,1,0
BRDA:194,6,0,0
BRDA:194,6,1,0
BRDA:195,7,0,0
BRDA:195,7,1,0
BRDA:197,8,0,0
BRDA:197,8,1,0
BRDA:198,9,0,0
BRDA:198,9,1,0
BRDA:209,10,0,0
BRDA:209,10,1,0
BRDA:213,11,0,0
BRDA:213,11,1,0
BRDA:215,12,0,0
BRDA:215,12,1,0
BRDA:224,13,0,0
BRDA:224,13,1,0
BRDA:228,14,0,0
BRDA:228,14,1,0
BRDA:232,15,0,0
BRDA:232,15,1,0
BRDA:236,16,0,0
BRDA:236,16,1,0
BRDA:243,17,0,0
BRDA:243,17,1,0
BRDA:255,18,0,0
BRDA:255,18,1,0
BRDA:256,19,0,0
BRDA:256,19,1,0
BRDA:257,20,0,0
BRDA:257,20,1,0
BRDA:258,21,0,0
BRDA:258,21,1,0
BRDA:259,22,0,0
BRDA:259,22,1,0
BRDA:266,23,0,0
BRDA:266,23,1,0
BRDA:268,24,0,0
BRDA:268,24,1,0
BRDA:277,25,0,0
BRDA:277,25,1,0
BRDA:279,26,0,0
BRDA:279,26,1,0
BRDA:293,27,0,0
BRDA:293,27,1,0
BRDA:297,28,0,0
BRDA:297,28,1,0
BRDA:299,29,0,0
BRDA:299,29,1,0
BRDA:308,30,0,0
BRDA:308,30,1,0
BRDA:310,31,0,0
BRDA:310,31,1,0
BRDA:318,32,0,0
BRDA:318,32,1,0
BRDA:319,33,0,0
BRDA:319,33,1,0
BRDA:325,34,0,0
BRDA:325,34,1,0
BRDA:339,35,0,0
BRDA:339,35,1,0
BRDA:340,36,0,0
BRDA:340,36,1,0
BRDA:341,37,0,0
BRDA:341,37,1,0
BRDA:342,38,0,0
BRDA:342,38,1,0
BRDA:343,39,0,0
BRDA:343,39,1,0
BRDA:363,40,0,0
BRDA:363,40,1,0
BRDA:366,41,0,0
BRDA:366,41,1,0
BRDA:367,42,0,0
BRDA:367,42,1,0
BRDA:368,43,0,0
BRDA:368,43,1,0
BRDA:369,44,0,0
BRDA:369,44,1,0
BRDA:370,45,0,0
BRDA:370,45,1,0
BRDA:379,46,0,0
BRDA:379,46,1,0
BRDA:393,47,0,0
BRDA:393,47,1,0
BRDA:396,48,0,0
BRDA:396,48,1,0
BRDA:397,49,0,0
BRDA:397,49,1,0
BRDA:398,50,0,0
BRDA:398,50,1,0
BRDA:399,51,0,0
BRDA:399,51,1,0
BRDA:400,52,0,0
BRDA:400,52,1,0
BRDA:402,53,0,0
BRDA:402,53,1,0
BRDA:403,54,0,0
BRDA:403,54,1,0
BRDA:404,55,0,0
BRDA:404,55,1,0
BRDA:406,56,0,0
BRDA:406,56,1,0
BRDA:413,57,0,0
BRDA:413,57,1,0
BRDA:418,58,0,0
BRDA:418,58,1,0
BRDA:423,59,0,0
BRDA:423,59,1,0
BRDA:430,60,0,0
BRDA:430,60,1,0
BRDA:435,61,0,0
BRDA:435,61,1,0
BRDA:445,62,0,0
BRDA:445,62,1,0
BRDA:446,63,0,0
BRDA:446,63,1,0
BRDA:453,64,0,0
BRDA:453,64,1,0
BRDA:454,65,0,0
BRDA:454,65,1,0
BRDA:520,66,0,0
BRDA:520,66,1,0
BRDA:531,67,0,0
BRDA:531,67,1,0
BRDA:538,68,0,0
BRDA:538,68,1,0
BRDA:568,69,0,0
BRDA:568,69,1,0
BRDA:579,70,0,0
BRDA:579,70,1,0
BRDA:586,71,0,0
BRDA:586,71,1,0
BRDA:599,72,0,0
BRDA:599,72,1,0
BRDA:656,73,0,0
BRDA:656,73,1,0
BRDA:657,74,0,0
BRDA:657,74,1,0
BRDA:659,75,0,0
BRDA:659,75,1,0
BRDA:664,76,0,0
BRDA:664,76,1,0
BRDA:665,77,0,0
BRDA:665,77,1,0
BRDA:666,78,0,0
BRDA:666,78,1,0
BRDA:668,79,0,0
BRDA:668,79,1,0
BRDA:673,80,0,0
BRDA:673,80,1,0
BRDA:677,81,0,0
BRDA:677,81,1,0
BRDA:678,82,0,0
BRDA:678,82,1,0
BRDA:680,83,0,0
BRDA:680,83,1,0
BRDA:685,84,0,0
BRDA:685,84,1,0
BRDA:688,85,0,0
BRDA:688,85,1,0
BRDA:688,86,0,0
BRDA:688,86,1,0
BRDA:691,87,0,0
BRDA:691,87,1,0
BRDA:692,88,0,0
BRDA:692,88,1,0
BRDA:693,89,0,0
BRDA:693,89,1,0
BRDA:694,90,0,0
BRDA:694,90,1,0
BRDA:695,91,0,0
BRDA:695,91,1,0
BRDA:702,92,0,0
BRDA:702,92,1,0
BRDA:707,93,0,0
BRDA:707,93,1,0
BRDA:709,94,0,0
BRDA:709,94,1,0
BRDA:718,95,0,0
BRDA:718,95,1,0
BRDA:719,96,0,0
BRDA:719,96,1,0
BRDA:720,97,0,0
BRDA:720,97,1,0
BRDA:721,98,0,0
BRDA:721,98,1,0
BRDA:722,99,0,0
BRDA:722,99,1,0
BRDA:724,100,0,0
BRDA:724,100,1,0
BRDA:726,101,0,0
BRDA:726,101,1,0
BRDA:731,102,0,0
BRDA:731,102,1,0
BRDA:733,103,0,0
BRDA:733,103,1,0
BRDA:743,104,0,0
BRDA:743,104,1,0
BRDA:743,105,0,0
BRDA:743,105,1,0
BRDA:746,106,0,0
BRDA:746,106,1,0
BRDA:747,107,0,0
BRDA:747,107,1,0
BRDA:748,108,0,0
BRDA:748,108,1,0
BRDA:749,109,0,0
BRDA:749,109,1,0
BRDA:750,110,0,0
BRDA:750,110,1,0
BRDA:760,111,0,0
BRDA:760,111,1,0
BRDA:763,112,0,0
BRDA:763,112,1,0
BRDA:763,113,0,0
BRDA:763,113,1,0
BRDA:766,114,0,0
BRDA:766,114,1,0
BRDA:767,115,0,0
BRDA:767,115,1,0
BRDA:768,116,0,0
BRDA:768,116,1,0
BRDA:769,117,0,0
BRDA:769,117,1,0
BRDA:770,118,0,0
BRDA:770,118,1,0
BRDA:775,119,0,0
BRDA:775,119,1,0
BRDA:776,120,0,0
BRDA:776,120,1,0
BRDA:777,121,0,0
BRDA:777,121,1,0
BRDA:778,122,0,0
BRDA:778,122,1,0
BRDA:791,123,0,0
BRDA:791,123,1,0
BRDA:795,124,0,0
BRDA:795,124,1,0
BRDA:798,125,0,0
BRDA:798,125,1,0
BRDA:801,126,0,0
BRDA:801,126,1,0
BRDA:804,127,0,0
BRDA:804,127,1,0
BRDA:808,128,0,0
BRDA:808,128,1,0
BRDA:809,129,0,0
BRDA:809,129,1,0
BRDA:822,130,0,0
BRDA:822,130,1,0
BRDA:824,131,0,0
BRDA:824,131,1,0
BRDA:824,131,2,0
BRDA:824,131,3,0
BRDA:824,131,4,0
BRF:267
BRH:0
end_of_record
TN:
SF:public/script.js
FN:18,(anonymous_0)
FN:25,initializeForm
FN:44,setupEventListeners
FN:63,(anonymous_3)
FN:74,handleFormSubmit
FN:115,handleValidateXml
FN:139,(anonymous_6)
FN:154,handleTransformXml
FN:193,loadXmlFiles
FN:200,(anonymous_9)
FN:213,handleFileSelection
FN:226,collectFormData
FN:256,(anonymous_12)
FN:276,addEmergencyContact
FN:326,(anonymous_14)
FN:333,addCourse
FN:407,(anonymous_16)
FN:414,(anonymous_17)
FN:422,(anonymous_18)
FN:431,toggleTransferCredits
FN:442,updateTotalCredits
FN:446,(anonymous_21)
FN:465,setupRealTimeValidation
FN:468,(anonymous_23)
FN:480,(anonymous_24)
FN:481,(anonymous_25)
FN:495,validateForm
FN:499,(anonymous_27)
FN:512,loadSampleData
FN:550,(anonymous_29)
FN:570,(anonymous_30)
FN:587,showResult
FN:604,escapeHtml
FNF:33
FNH:0
FNDA:0,(anonymous_0)
FNDA:0,initializeForm
FNDA:0,setupEventListeners
FNDA:0,(anonymous_3)
FNDA:0,handleFormSubmit
FNDA:0,handleValidateXml
FNDA:0,(anonymous_6)
FNDA:0,handleTransformXml
FNDA:0,loadXmlFiles
FNDA:0,(anonymous_9)
FNDA:0,handleFileSelection
FNDA:0,collectFormData
FNDA:0,(anonymous_12)
FNDA:0,addEmergencyContact
FNDA:0,(anonymous_14)
FNDA:0,addCourse
FNDA:0,(anonymous_16)
FNDA:0,(anonymous_17)
FNDA:0,(anonymous_18)
FNDA:0,toggleTransferCredits
FNDA:0,updateTotalCredits
FNDA:0,(anonymous_21)
FNDA:0,setupRealTimeValidation
FNDA:0,(anonymous_23)
FNDA:0,(anonymous_24)
FNDA:0,(anonymous_25)
FNDA:0,validateForm
FNDA:0,(anonymous_27)
FNDA:0,loadSampleData
FNDA:0,(anonymous_29)
FNDA:0,(anonymous_30)
FNDA:0,showResult
FNDA:0,escapeHtml
DA:2,0
DA:3,0
DA:4,0
DA:7,0
DA:8,0
DA:9,0
DA:10,0
DA:11,0
DA:12,0
DA:13,0
DA:14,0
DA:15,0
DA:18,0
DA:19,0
DA:20,0
DA:21,0
DA:27,0
DA:28,0
DA:31,0
DA:32,0
DA:33,0
DA:35,0
DA:36,0
DA:37,0
DA:40,0
DA:46,0
DA:49,0
DA:50,0
DA:51,0
DA:52,0
DA:55,0
DA:58,0
DA:59,0
DA:60,0
DA:63,0
DA:64,0
DA:65,0
DA:70,0
DA:75,0
DA:77,0
DA:78,0
DA:79,0
DA:82,0
DA:84,0
DA:85,0
DA:93,0
DA:95,0
DA:96,0
DA:97,0
DA:100,0
DA:101,0
DA:104,0
DA:105,0
DA:107,0
DA:110,0
DA:116,0
DA:117,0
DA:118,0
DA:121,0
DA:123,0
DA:124,0
DA:132,0
DA:134,0
DA:135,0
DA:136,0
DA:138,0
DA:139,0
DA:140,0
DA:142,0
DA:143,0
DA:146,0
DA:149,0
DA:155,0
DA:156,0
DA:157,0
DA:160,0
DA:162,0
DA:163,0
DA:171,0
DA:173,0
DA:174,0
DA:177,0
DA:183,0
DA:185,0
DA:188,0
DA:194,0
DA:195,0
DA:196,0
DA:198,0
DA:199,0
DA:200,0
DA:201,0
DA:202,0
DA:203,0
DA:204,0
DA:208,0
DA:214,0
DA:215,0
DA:216,0
DA:218,0
DA:219,0
DA:220,0
DA:227,0
DA:228,0
DA:231,0
DA:232,0
DA:234,0
DA:235,0
DA:236,0
DA:237,0
DA:238,0
DA:239,0
DA:242,0
DA:243,0
DA:244,0
DA:245,0
DA:246,0
DA:250,0
DA:255,0
DA:256,0
DA:257,0
DA:262,0
DA:263,0
DA:272,0
DA:277,0
DA:278,0
DA:279,0
DA:282,0
DA:283,0
DA:284,0
DA:286,0
DA:321,0
DA:322,0
DA:325,0
DA:326,0
DA:327,0
DA:328,0
DA:334,0
DA:335,0
DA:336,0
DA:339,0
DA:341,0
DA:402,0
DA:403,0
DA:406,0
DA:407,0
DA:408,0
DA:409,0
DA:410,0
DA:413,0
DA:414,0
DA:415,0
DA:416,0
DA:421,0
DA:422,0
DA:423,0
DA:424,0
DA:427,0
DA:432,0
DA:433,0
DA:434,0
DA:436,0
DA:437,0
DA:443,0
DA:444,0
DA:446,0
DA:447,0
DA:450,0
DA:451,0
DA:452,0
DA:455,0
DA:456,0
DA:457,0
DA:459,0
DA:460,0
DA:467,0
DA:468,0
DA:469,0
DA:470,0
DA:471,0
DA:472,0
DA:473,0
DA:475,0
DA:479,0
DA:480,0
DA:481,0
DA:482,0
DA:483,0
DA:484,0
DA:486,0
DA:487,0
DA:489,0
DA:496,0
DA:497,0
DA:499,0
DA:500,0
DA:501,0
DA:502,0
DA:504,0
DA:508,0
DA:514,0
DA:515,0
DA:516,0
DA:517,0
DA:518,0
DA:519,0
DA:520,0
DA:521,0
DA:524,0
DA:525,0
DA:526,0
DA:527,0
DA:528,0
DA:529,0
DA:532,0
DA:533,0
DA:534,0
DA:535,0
DA:536,0
DA:537,0
DA:538,0
DA:539,0
DA:542,0
DA:543,0
DA:550,0
DA:551,0
DA:552,0
DA:557,0
DA:558,0
DA:570,0
DA:571,0
DA:572,0
DA:577,0
DA:578,0
DA:579,0
DA:580,0
DA:582,0
DA:583,0
DA:588,0
DA:590,0
DA:591,0
DA:593,0
DA:594,0
DA:596,0
DA:600,0
DA:606,0
LF:246
LH:0
BRDA:64,0,0,0
BRDA:64,0,1,0
BRDA:77,1,0,0
BRDA:77,1,1,0
BRDA:95,2,0,0
BRDA:95,2,1,0
BRDA:116,3,0,0
BRDA:116,3,1,0
BRDA:116,4,0,0
BRDA:116,4,1,0
BRDA:121,5,0,0
BRDA:121,5,1,0
BRDA:134,6,0,0
BRDA:134,6,1,0
BRDA:135,7,0,0
BRDA:135,7,1,0
BRDA:155,8,0,0
BRDA:155,8,1,0
BRDA:155,9,0,0
BRDA:155,9,1,0
BRDA:160,10,0,0
BRDA:160,10,1,0
BRDA:173,11,0,0
BRDA:173,11,1,0
BRDA:198,12,0,0
BRDA:198,12,1,0
BRDA:214,13,0,0
BRDA:214,13,1,0
BRDA:218,14,0,0
BRDA:218,14,1,0
BRDA:232,15,0,0
BRDA:232,15,1,0
BRDA:232,16,0,0
BRDA:232,16,1,0
BRDA:235,17,0,0
BRDA:235,17,1,0
BRDA:237,18,0,0
BRDA:237,18,1,0
BRDA:238,19,0,0
BRDA:238,19,1,0
BRDA:243,20,0,0
BRDA:243,20,1,0
BRDA:245,21,0,0
BRDA:245,21,1,0
BRDA:255,22,0,0
BRDA:255,22,1,0
BRDA:257,23,0,0
BRDA:257,23,1,0
BRDA:262,24,0,0
BRDA:262,24,1,0
BRDA:277,25,0,0
BRDA:277,25,1,0
BRDA:334,26,0,0
BRDA:334,26,1,0
BRDA:416,27,0,0
BRDA:416,27,1,0
BRDA:424,28,0,0
BRDA:424,28,1,0
BRDA:434,29,0,0
BRDA:434,29,1,0
BRDA:436,30,0,0
BRDA:436,30,1,0
BRDA:447,31,0,0
BRDA:447,31,1,0
BRDA:455,32,0,0
BRDA:455,32,1,0
BRDA:470,33,0,0
BRDA:470,33,1,0
BRDA:472,34,0,0
BRDA:472,34,1,0
BRDA:483,35,0,0
BRDA:483,35,1,0
BRDA:483,36,0,0
BRDA:483,36,1,0
BRDA:486,37,0,0
BRDA:486,37,1,0
BRDA:486,38,0,0
BRDA:486,38,1,0
BRDA:500,39,0,0
BRDA:500,39,1,0
BRDA:551,40,0,0
BRDA:551,40,1,0
BRDA:571,41,0,0
BRDA:571,41,1,0
BRDA:587,42,0,0
BRDA:593,43,0,0
BRDA:593,43,1,0
BRF:87
BRH:0
end_of_record
